\BOOKMARK [1][-]{section.1}{\376\377\000\111\000\156\000\164\000\162\000\157\000\144\000\165\000\143\000\164\000\151\000\157\000\156}{}% 1
\BOOKMARK [1][-]{section.2}{\376\377\000\122\000\145\000\154\000\141\000\164\000\145\000\144\000\040\000\127\000\157\000\162\000\153}{}% 2
\BOOKMARK [1][-]{section.3}{\376\377\000\120\000\162\000\145\000\154\000\151\000\155\000\151\000\156\000\141\000\162\000\151\000\145\000\163}{}% 3
\BOOKMARK [2][-]{subsection.3.1}{\376\377\000\117\000\156\000\154\000\151\000\156\000\145\000\040\000\120\000\141\000\163\000\163\000\151\000\166\000\145\000\055\000\101\000\147\000\147\000\162\000\145\000\163\000\163\000\151\000\166\000\145\000\040\000\114\000\145\000\141\000\162\000\156\000\151\000\156\000\147}{section.3}% 4
\BOOKMARK [2][-]{subsection.3.2}{\376\377\000\123\000\164\000\162\000\145\000\141\000\155\000\151\000\156\000\147\000\040\000\126\000\141\000\162\000\151\000\141\000\164\000\151\000\157\000\156\000\141\000\154\000\040\000\102\000\141\000\171\000\145\000\163}{section.3}% 5
\BOOKMARK [2][-]{subsection.3.3}{\376\377\000\122\000\145\000\147\000\165\000\154\000\141\000\162\000\151\000\172\000\145\000\144\000\040\000\102\000\141\000\171\000\145\000\163\000\151\000\141\000\156\000\040\000\111\000\156\000\146\000\145\000\162\000\145\000\156\000\143\000\145}{section.3}% 6
\BOOKMARK [1][-]{section.4}{\376\377\000\102\000\141\000\171\000\145\000\163\000\151\000\141\000\156\000\040\000\120\000\141\000\163\000\163\000\151\000\166\000\145\000\055\000\101\000\147\000\147\000\162\000\145\000\163\000\163\000\151\000\166\000\145\000\040\000\114\000\145\000\141\000\162\000\156\000\151\000\156\000\147}{}% 7
\BOOKMARK [2][-]{subsection.4.1}{\376\377\000\117\000\156\000\154\000\151\000\156\000\145\000\040\000\102\000\141\000\171\000\145\000\163\000\120\000\101\000\040\000\114\000\145\000\141\000\162\000\156\000\151\000\156\000\147}{section.4}% 8
\BOOKMARK [2][-]{subsection.4.2}{\376\377\000\102\000\141\000\171\000\145\000\163\000\120\000\101\000\040\000\114\000\145\000\141\000\162\000\156\000\151\000\156\000\147\000\040\000\167\000\151\000\164\000\150\000\040\000\114\000\141\000\164\000\145\000\156\000\164\000\040\000\123\000\164\000\162\000\165\000\143\000\164\000\165\000\162\000\145\000\163}{section.4}% 9
\BOOKMARK [1][-]{section.5}{\376\377\000\124\000\150\000\145\000\157\000\162\000\145\000\164\000\151\000\143\000\141\000\154\000\040\000\101\000\156\000\141\000\154\000\171\000\163\000\151\000\163}{}% 10
\BOOKMARK [1][-]{section.6}{\376\377\000\117\000\156\000\154\000\151\000\156\000\145\000\040\000\115\000\141\000\170\000\055\000\115\000\141\000\162\000\147\000\151\000\156\000\040\000\124\000\157\000\160\000\151\000\143\000\040\000\115\000\157\000\144\000\145\000\154\000\163}{}% 11
\BOOKMARK [2][-]{subsection.6.1}{\376\377\000\102\000\141\000\163\000\151\000\143\000\163\000\040\000\157\000\146\000\040\000\115\000\145\000\144\000\114\000\104\000\101}{section.6}% 12
\BOOKMARK [2][-]{subsection.6.2}{\376\377\000\117\000\156\000\154\000\151\000\156\000\145\000\040\000\115\000\145\000\144\000\114\000\104\000\101}{section.6}% 13
\BOOKMARK [2][-]{subsection.6.3}{\376\377\000\117\000\156\000\154\000\151\000\156\000\145\000\040\000\107\000\151\000\142\000\142\000\163\000\040\000\115\000\145\000\144\000\114\000\104\000\101}{section.6}% 14
\BOOKMARK [1][-]{section.7}{\376\377\000\105\000\170\000\164\000\145\000\156\000\163\000\151\000\157\000\156\000\163}{}% 15
\BOOKMARK [2][-]{subsection.7.1}{\376\377\000\117\000\156\000\154\000\151\000\156\000\145\000\040\000\116\000\157\000\156\000\160\000\141\000\162\000\141\000\155\000\145\000\164\000\162\000\151\000\143\000\040\000\115\000\145\000\144\000\114\000\104\000\101}{section.7}% 16
\BOOKMARK [3][-]{subsubsection.7.1.1}{\376\377\000\102\000\141\000\164\000\143\000\150\000\040\000\115\000\145\000\144\000\110\000\104\000\120}{subsection.7.1}% 17
\BOOKMARK [3][-]{subsubsection.7.1.2}{\376\377\000\117\000\156\000\154\000\151\000\156\000\145\000\040\000\115\000\145\000\144\000\110\000\104\000\120}{subsection.7.1}% 18
\BOOKMARK [3][-]{subsubsection.7.1.3}{\376\377\000\117\000\156\000\154\000\151\000\156\000\145\000\040\000\107\000\151\000\142\000\142\000\163\000\040\000\115\000\145\000\144\000\110\000\104\000\120}{subsection.7.1}% 19
\BOOKMARK [2][-]{subsection.7.2}{\376\377\000\115\000\165\000\154\000\164\000\151\000\055\000\164\000\141\000\163\000\153\000\040\000\114\000\145\000\141\000\162\000\156\000\151\000\156\000\147}{section.7}% 20
\BOOKMARK [1][-]{section.8}{\376\377\000\105\000\170\000\160\000\145\000\162\000\151\000\155\000\145\000\156\000\164\000\163}{}% 21
\BOOKMARK [2][-]{subsection.8.1}{\376\377\000\103\000\154\000\141\000\163\000\163\000\151\000\146\000\151\000\143\000\141\000\164\000\151\000\157\000\156\000\040\000\157\000\156\000\040\000\062\000\060\000\116\000\145\000\167\000\163\000\147\000\162\000\157\000\165\000\160}{section.8}% 22
\BOOKMARK [2][-]{subsection.8.2}{\376\377\000\105\000\170\000\164\000\145\000\156\000\163\000\151\000\157\000\156\000\163}{section.8}% 23
\BOOKMARK [3][-]{subsubsection.8.2.1}{\376\377\000\116\000\157\000\156\000\160\000\141\000\162\000\141\000\155\000\145\000\164\000\162\000\151\000\143\000\040\000\124\000\157\000\160\000\151\000\143\000\040\000\115\000\157\000\144\000\145\000\154\000\151\000\156\000\147}{subsection.8.2}% 24
\BOOKMARK [3][-]{subsubsection.8.2.2}{\376\377\000\115\000\165\000\154\000\164\000\151\000\055\000\124\000\141\000\163\000\153\000\040\000\103\000\154\000\141\000\163\000\163\000\151\000\146\000\151\000\143\000\141\000\164\000\151\000\157\000\156}{subsection.8.2}% 25
\BOOKMARK [2][-]{subsection.8.3}{\376\377\000\123\000\145\000\156\000\163\000\151\000\164\000\151\000\166\000\151\000\164\000\171\000\040\000\101\000\156\000\141\000\154\000\171\000\163\000\151\000\163}{section.8}% 26
\BOOKMARK [1][-]{section.9}{\376\377\000\103\000\157\000\156\000\143\000\154\000\165\000\163\000\151\000\157\000\156\000\163\000\040\000\141\000\156\000\144\000\040\000\106\000\165\000\164\000\165\000\162\000\145\000\040\000\127\000\157\000\162\000\153}{}% 27
\BOOKMARK [1][-]{appendix.A}{\376\377}{}% 28
\BOOKMARK [1][-]{appendix.B}{\376\377}{}% 29
